<?xml version="1.0" encoding="UTF-8"?>
<!-- Generated by org.testng.reporters.JUnitReportReporter -->
<testsuite skipped="0" hostname="AZ" name="test.CheckInstagram" tests="1" failures="0" timestamp="06 Sep 2018 03:26:16 GMT" time="18.090" errors="0">
  <testcase name="instagram" time="18.090" classname="test.CheckInstagram"/>
</testsuite> <!-- test.CheckInstagram -->
