<?xml version="1.0" encoding="UTF-8"?>
<!-- Generated by org.testng.reporters.JUnitReportReporter -->
<testsuite skipped="1" hostname="AZ" name="test.CheckLinkedin" tests="1" failures="0" timestamp="28 Aug 2018 03:31:41 GMT" time="0.000" errors="0">
  <testcase name="linkedin" time="0.000" classname="test.CheckLinkedin">
    <skipped/>
  </testcase> <!-- linkedin -->
</testsuite> <!-- test.CheckLinkedin -->
