<?xml version="1.0" encoding="UTF-8"?>
<!-- Generated by org.testng.reporters.JUnitReportReporter -->
<testsuite skipped="1" hostname="AZ" name="test.CheckOrkut" tests="1" failures="0" timestamp="28 Aug 2018 03:31:41 GMT" time="0.000" errors="0">
  <testcase name="orkut" time="0.000" classname="test.CheckOrkut">
    <skipped/>
  </testcase> <!-- orkut -->
</testsuite> <!-- test.CheckOrkut -->
